Start testing: May 15 08:50 대한민국 표준시
----------------------------------------------------------
9/10 Testing: GildedRoseTest.TAFKAL80ETC_Value_LT_D0_Overflow
9/10 Test: GildedRoseTest.TAFKAL80ETC_Value_LT_D0_Overflow
Command: "C:/DEV/GildedRose_15/build/gilded_rose_test.exe" "--gtest_filter=GildedRoseTest.TAFKAL80ETC_Value_LT_D0_Overflow" "--gtest_also_run_disabled_tests"
Directory: C:/DEV/GildedRose_15/build
"GildedRoseTest.TAFKAL80ETC_Value_LT_D0_Overflow" start time: May 15 08:50 대한민국 표준시
Output:
----------------------------------------------------------
Running main() from C:\DEV\GildedRose_15\build\_deps\googletest-src\googletest\src\gtest_main.cc
Note: Google Test filter = GildedRoseTest.TAFKAL80ETC_Value_LT_D0_Overflow
[==========] Running 1 test from 1 test suite.
[----------] Global test environment set-up.
[----------] 1 test from GildedRoseTest
[ RUN      ] GildedRoseTest.TAFKAL80ETC_Value_LT_D0_Overflow
[       OK ] GildedRoseTest.TAFKAL80ETC_Value_LT_D0_Overflow (0 ms)
[----------] 1 test from GildedRoseTest (0 ms total)

[----------] Global test environment tear-down
[==========] 1 test from 1 test suite ran. (0 ms total)
[  PASSED  ] 1 test.
<end of output>
Test time =   0.02 sec
----------------------------------------------------------
Test Passed.
"GildedRoseTest.TAFKAL80ETC_Value_LT_D0_Overflow" end time: May 15 08:50 대한민국 표준시
"GildedRoseTest.TAFKAL80ETC_Value_LT_D0_Overflow" time elapsed: 00:00:00
----------------------------------------------------------

End testing: May 15 08:50 대한민국 표준시
